# JRE version: OpenJDK Runtime Environment Temurin-21.0.12.1+1 (21.0.12.1+1) (build 21.0.12.1+1-LTS)
# Java VM: OpenJDK 64-Bit Server VM Temurin-21.0.12.1+1 (21.0.12.1+1-LTS, mixed mode, sharing, tiered, compressed oops, compressed class ptrs, parallel gc, windows-amd64)
GC Precious Log:
 CardTable entry size: 512
 CPUs: 4 total, 4 available
 Memory: 8058M
 Large Page Support: Disabled
 NUMA Support: Disabled
 Compressed Oops: Enabled (32-bit)
 Alignments: Space 512K, Generation 512K, Heap 2M
 Heap Min Capacity: 100M
 Heap Initial Capacity: 100M
 Heap Max Capacity: 2G
 Pre-touch: Disabled
 Parallel Workers: 4
Heap:
 PSYoungGen      total 2560K, used 1018K [0x00000000d5580000, 0x00000000d5900000, 0x0000000100000000)
  eden space 2048K, 43% used [0x00000000d5580000,0x00000000d565ea48,0x00000000d5780000)
  from space 512K, 25% used [0x00000000d5880000,0x00000000d58a0000,0x00000000d5900000)
  to   space 512K, 0% used [0x00000000d5800000,0x00000000d5800000,0x00000000d5880000)
 ParOldGen       total 585728K, used 399259K [0x0000000080000000, 0x00000000a3c00000, 0x00000000d5580000)
  object space 585728K, 68% used [0x0000000080000000,0x00000000985e6f98,0x00000000a3c00000)
 Metaspace       used 91167K, committed 92864K, reserved 1179648K
  class space    used 9336K, committed 10176K, reserved 1048576K
GC Heap History (20 events):
Event: 3962.312 GC heap before
{Heap before GC invocations=3350 (full 5):
 PSYoungGen      total 2560K, used 2176K [0x00000000d5580000, 0x00000000d5900000, 0x0000000100000000)
  eden space 2048K, 100% used [0x00000000d5580000,0x00000000d5780000,0x00000000d5780000)
  from space 512K, 25% used [0x00000000d5880000,0x00000000d58a0000,0x00000000d5900000)
  to   space 512K, 0% used [0x00000000d5800000,0x00000000d5800000,0x00000000d5880000)
 ParOldGen       total 585728K, used 398510K [0x0000000080000000, 0x00000000a3c00000, 0x00000000d5580000)
  object space 585728K, 68% used [0x0000000080000000,0x000000009852bae8,0x00000000a3c00000)
 Metaspace       used 91152K, committed 92800K, reserved 1179648K
  class space    used 9336K, committed 10176K, reserved 1048576K
}
Event: 3962.315 GC heap after
{Heap after GC invocations=3350 (full 5):
 PSYoungGen      total 2560K, used 240K [0x00000000d5580000, 0x00000000d5900000, 0x0000000100000000)
  eden space 2048K, 0% used [0x00000000d5580000,0x00000000d5580000,0x00000000d5780000)
  from space 512K, 46% used [0x00000000d5800000,0x00000000d583c010,0x00000000d5880000)
  to   space 512K, 0% used [0x00000000d5880000,0x00000000d5880000,0x00000000d5900000)
 ParOldGen       total 585728K, used 398542K [0x0000000080000000, 0x00000000a3c00000, 0x00000000d5580000)
  object space 585728K, 68% used [0x0000000080000000,0x0000000098533ae8,0x00000000a3c00000)
 Metaspace       used 91152K, committed 92800K, reserved 1179648K
  class space    used 9336K, committed 10176K, reserved 1048576K
}
Event: 3962.537 GC heap before
{Heap before GC invocations=3351 (full 5):
 PSYoungGen      total 2560K, used 2288K [0x00000000d5580000, 0x00000000d5900000, 0x0000000100000000)
  eden space 2048K, 100% used [0x00000000d5580000,0x00000000d5780000,0x00000000d5780000)
  from space 512K, 46% used [0x00000000d5800000,0x00000000d583c010,0x00000000d5880000)
  to   space 512K, 0% used [0x00000000d5880000,0x00000000d5880000,0x00000000d5900000)
 ParOldGen       total 585728K, used 398542K [0x0000000080000000, 0x00000000a3c00000, 0x00000000d5580000)
  object space 585728K, 68% used [0x0000000080000000,0x0000000098533ae8,0x00000000a3c00000)
 Metaspace       used 91152K, committed 92800K, reserved 1179648K
  class space    used 9336K, committed 10176K, reserved 1048576K
}
Event: 3962.539 GC heap after
{Heap after GC invocations=3351 (full 5):
 PSYoungGen      total 2560K, used 512K [0x00000000d5580000, 0x00000000d5980000, 0x0000000100000000)
  eden space 2048K, 0% used [0x00000000d5580000,0x00000000d5580000,0x00000000d5780000)
  from space 512K, 100% used [0x00000000d5880000,0x00000000d5900000,0x00000000d5900000)
  to   space 1024K, 0% used [0x00000000d5780000,0x00000000d5780000,0x00000000d5880000)
 ParOldGen       total 585728K, used 398683K [0x0000000080000000, 0x00000000a3c00000, 0x00000000d5580000)
  object space 585728K, 68% used [0x0000000080000000,0x0000000098556f78,0x00000000a3c00000)
 Metaspace       used 91152K, committed 92800K, reserved 1179648K
  class space    used 9336K, committed 10176K, reserved 1048576K
}
Event: 3962.566 GC heap before
{Heap before GC invocations=3352 (full 5):
 PSYoungGen      total 2560K, used 2560K [0x00000000d5580000, 0x00000000d5980000, 0x0000000100000000)
  eden space 2048K, 100% used [0x00000000d5580000,0x00000000d5780000,0x00000000d5780000)
  from space 512K, 100% used [0x00000000d5880000,0x00000000d5900000,0x00000000d5900000)
  to   space 1024K, 0% used [0x00000000d5780000,0x00000000d5780000,0x00000000d5880000)
 ParOldGen       total 585728K, used 398683K [0x0000000080000000, 0x00000000a3c00000, 0x00000000d5580000)
  object space 585728K, 68% used [0x0000000080000000,0x0000000098556f78,0x00000000a3c00000)
 Metaspace       used 91153K, committed 92800K, reserved 1179648K
  class space    used 9336K, committed 10176K, reserved 1048576K
}
Event: 3962.569 GC heap after
{Heap after GC invocations=3352 (full 5):
 PSYoungGen      total 3072K, used 192K [0x00000000d5580000, 0x00000000d5900000, 0x0000000100000000)
  eden space 2048K, 0% used [0x00000000d5580000,0x00000000d5580000,0x00000000d5780000)
  from space 1024K, 18% used [0x00000000d5780000,0x00000000d57b0000,0x00000000d5880000)
  to   space 512K, 0% used [0x00000000d5880000,0x00000000d5880000,0x00000000d5900000)
 ParOldGen       total 585728K, used 399099K [0x0000000080000000, 0x00000000a3c00000, 0x00000000d5580000)
  object space 585728K, 68% used [0x0000000080000000,0x00000000985bef98,0x00000000a3c00000)
 Metaspace       used 91153K, committed 92800K, reserved 1179648K
  class space    used 9336K, committed 10176K, reserved 1048576K
}
Event: 3962.594 GC heap before
{Heap before GC invocations=3353 (full 5):
 PSYoungGen      total 3072K, used 2240K [0x00000000d5580000, 0x00000000d5900000, 0x0000000100000000)
  eden space 2048K, 100% used [0x00000000d5580000,0x00000000d5780000,0x00000000d5780000)
  from space 1024K, 18% used [0x00000000d5780000,0x00000000d57b0000,0x00000000d5880000)
  to   space 512K, 0% used [0x00000000d5880000,0x00000000d5880000,0x00000000d5900000)
 ParOldGen       total 585728K, used 399099K [0x0000000080000000, 0x00000000a3c00000, 0x00000000d5580000)
  object space 585728K, 68% used [0x0000000080000000,0x00000000985bef98,0x00000000a3c00000)
 Metaspace       used 91162K, committed 92864K, reserved 1179648K
  class space    used 9336K, committed 10176K, reserved 1048576K
}
Event: 3962.597 GC heap after
{Heap after GC invocations=3353 (full 5):
 PSYoungGen      total 2560K, used 288K [0x00000000d5580000, 0x00000000d5900000, 0x0000000100000000)
  eden space 2048K, 0% used [0x00000000d5580000,0x00000000d5580000,0x00000000d5780000)
  from space 512K, 56% used [0x00000000d5880000,0x00000000d58c8000,0x00000000d5900000)
  to   space 512K, 0% used [0x00000000d5800000,0x00000000d5800000,0x00000000d5880000)
 ParOldGen       total 585728K, used 399123K [0x0000000080000000, 0x00000000a3c00000, 0x00000000d5580000)
  object space 585728K, 68% used [0x0000000080000000,0x00000000985c4f98,0x00000000a3c00000)
 Metaspace       used 91162K, committed 92864K, reserved 1179648K
  class space    used 9336K, committed 10176K, reserved 1048576K
}
Event: 3962.606 GC heap before
{Heap before GC invocations=3354 (full 5):
 PSYoungGen      total 2560K, used 2336K [0x00000000d5580000, 0x00000000d5900000, 0x0000000100000000)
  eden space 2048K, 100% used [0x00000000d5580000,0x00000000d5780000,0x00000000d5780000)
  from space 512K, 56% used [0x00000000d5880000,0x00000000d58c8000,0x00000000d5900000)
  to   space 512K, 0% used [0x00000000d5800000,0x00000000d5800000,0x00000000d5880000)
 ParOldGen       total 585728K, used 399123K [0x0000000080000000, 0x00000000a3c00000, 0x00000000d5580000)
  object space 585728K, 68% used [0x0000000080000000,0x00000000985c4f98,0x00000000a3c00000)
 Metaspace       used 91162K, committed 92864K, reserved 1179648K
  class space    used 9336K, committed 10176K, reserved 1048576K
}
Event: 3962.608 GC heap after
{Heap after GC invocations=3354 (full 5):
 PSYoungGen      total 2560K, used 256K [0x00000000d5580000, 0x00000000d5900000, 0x0000000100000000)
  eden space 2048K, 0% used [0x00000000d5580000,0x00000000d5580000,0x00000000d5780000)
  from space 512K, 50% used [0x00000000d5800000,0x00000000d5840000,0x00000000d5880000)
  to   space 512K, 0% used [0x00000000d5880000,0x00000000d5880000,0x00000000d5900000)
 ParOldGen       total 585728K, used 399147K [0x0000000080000000, 0x00000000a3c00000, 0x00000000d5580000)
  object space 585728K, 68% used [0x0000000080000000,0x00000000985caf98,0x00000000a3c00000)
 Metaspace       used 91162K, committed 92864K, reserved 1179648K
  class space    used 9336K, committed 10176K, reserved 1048576K
}
Event: 3962.724 GC heap before
{Heap before GC invocations=3355 (full 5):
 PSYoungGen      total 2560K, used 2304K [0x00000000d5580000, 0x00000000d5900000, 0x0000000100000000)
  eden space 2048K, 100% used [0x00000000d5580000,0x00000000d5780000,0x00000000d5780000)
  from space 512K, 50% used [0x00000000d5800000,0x00000000d5840000,0x00000000d5880000)
  to   space 512K, 0% used [0x00000000d5880000,0x00000000d5880000,0x00000000d5900000)
 ParOldGen       total 585728K, used 399147K [0x0000000080000000, 0x00000000a3c00000, 0x00000000d5580000)
  object space 585728K, 68% used [0x0000000080000000,0x00000000985caf98,0x00000000a3c00000)
 Metaspace       used 91162K, committed 92864K, reserved 1179648K
  class space    used 9336K, committed 10176K, reserved 1048576K
}
Event: 3962.727 GC heap after
{Heap after GC invocations=3355 (full 5):
 PSYoungGen      total 2560K, used 448K [0x00000000d5580000, 0x00000000d5900000, 0x0000000100000000)
  eden space 2048K, 0% used [0x00000000d5580000,0x00000000d5580000,0x00000000d5780000)
  from space 512K, 87% used [0x00000000d5880000,0x00000000d58f0000,0x00000000d5900000)
  to   space 512K, 0% used [0x00000000d5800000,0x00000000d5800000,0x00000000d5880000)
 ParOldGen       total 585728K, used 399179K [0x0000000080000000, 0x00000000a3c00000, 0x00000000d5580000)
  object space 585728K, 68% used [0x0000000080000000,0x00000000985d2f98,0x00000000a3c00000)
 Metaspace       used 91162K, committed 92864K, reserved 1179648K
  class space    used 9336K, committed 10176K, reserved 1048576K
}
Event: 3963.006 GC heap before
{Heap before GC invocations=3356 (full 5):
 PSYoungGen      total 2560K, used 2496K [0x00000000d5580000, 0x00000000d5900000, 0x0000000100000000)
  eden space 2048K, 100% used [0x00000000d5580000,0x00000000d5780000,0x00000000d5780000)
  from space 512K, 87% used [0x00000000d5880000,0x00000000d58f0000,0x00000000d5900000)
  to   space 512K, 0% used [0x00000000d5800000,0x00000000d5800000,0x00000000d5880000)
 ParOldGen       total 585728K, used 399179K [0x0000000080000000, 0x00000000a3c00000, 0x00000000d5580000)
  object space 585728K, 68% used [0x0000000080000000,0x00000000985d2f98,0x00000000a3c00000)
 Metaspace       used 91162K, committed 92864K, reserved 1179648K
  class space    used 9336K, committed 10176K, reserved 1048576K
}
Event: 3963.008 GC heap after
{Heap after GC invocations=3356 (full 5):
 PSYoungGen      total 2560K, used 128K [0x00000000d5580000, 0x00000000d5900000, 0x0000000100000000)
  eden space 2048K, 0% used [0x00000000d5580000,0x00000000d5580000,0x00000000d5780000)
  from space 512K, 25% used [0x00000000d5800000,0x00000000d5820000,0x00000000d5880000)
  to   space 512K, 0% used [0x00000000d5880000,0x00000000d5880000,0x00000000d5900000)
 ParOldGen       total 585728K, used 399187K [0x0000000080000000, 0x00000000a3c00000, 0x00000000d5580000)
  object space 585728K, 68% used [0x0000000080000000,0x00000000985d4f98,0x00000000a3c00000)
 Metaspace       used 91162K, committed 92864K, reserved 1179648K
  class space    used 9336K, committed 10176K, reserved 1048576K
}
Event: 3963.026 GC heap before
{Heap before GC invocations=3357 (full 5):
 PSYoungGen      total 2560K, used 2176K [0x00000000d5580000, 0x00000000d5900000, 0x0000000100000000)
  eden space 2048K, 100% used [0x00000000d5580000,0x00000000d5780000,0x00000000d5780000)
  from space 512K, 25% used [0x00000000d5800000,0x00000000d5820000,0x00000000d5880000)
  to   space 512K, 0% used [0x00000000d5880000,0x00000000d5880000,0x00000000d5900000)
 ParOldGen       total 585728K, used 399187K [0x0000000080000000, 0x00000000a3c00000, 0x00000000d5580000)
  object space 585728K, 68% used [0x0000000080000000,0x00000000985d4f98,0x00000000a3c00000)
 Metaspace       used 91165K, committed 92864K, reserved 1179648K
  class space    used 9336K, committed 10176K, reserved 1048576K
}
Event: 3963.029 GC heap after
{Heap after GC invocations=3357 (full 5):
 PSYoungGen      total 2560K, used 160K [0x00000000d5580000, 0x00000000d5900000, 0x0000000100000000)
  eden space 2048K, 0% used [0x00000000d5580000,0x00000000d5580000,0x00000000d5780000)
  from space 512K, 31% used [0x00000000d5880000,0x00000000d58a8000,0x00000000d5900000)
  to   space 512K, 0% used [0x00000000d5800000,0x00000000d5800000,0x00000000d5880000)
 ParOldGen       total 585728K, used 399219K [0x0000000080000000, 0x00000000a3c00000, 0x00000000d5580000)
  object space 585728K, 68% used [0x0000000080000000,0x00000000985dcf98,0x00000000a3c00000)
 Metaspace       used 91165K, committed 92864K, reserved 1179648K
  class space    used 9336K, committed 10176K, reserved 1048576K
}
Event: 3963.058 GC heap before
{Heap before GC invocations=3358 (full 5):
 PSYoungGen      total 2560K, used 2206K [0x00000000d5580000, 0x00000000d5900000, 0x0000000100000000)
  eden space 2048K, 99% used [0x00000000d5580000,0x00000000d577f9e8,0x00000000d5780000)
  from space 512K, 31% used [0x00000000d5880000,0x00000000d58a8000,0x00000000d5900000)
  to   space 512K, 0% used [0x00000000d5800000,0x00000000d5800000,0x00000000d5880000)
 ParOldGen       total 585728K, used 399219K [0x0000000080000000, 0x00000000a3c00000, 0x00000000d5580000)
  object space 585728K, 68% used [0x0000000080000000,0x00000000985dcf98,0x00000000a3c00000)
 Metaspace       used 91166K, committed 92864K, reserved 1179648K
  class space    used 9336K, committed 10176K, reserved 1048576K
}
Event: 3963.061 GC heap after
{Heap after GC invocations=3358 (full 5):
 PSYoungGen      total 2560K, used 96K [0x00000000d5580000, 0x00000000d5900000, 0x0000000100000000)
  eden space 2048K, 0% used [0x00000000d5580000,0x00000000d5580000,0x00000000d5780000)
  from space 512K, 18% used [0x00000000d5800000,0x00000000d5818000,0x00000000d5880000)
  to   space 512K, 0% used [0x00000000d5880000,0x00000000d5880000,0x00000000d5900000)
 ParOldGen       total 585728K, used 399243K [0x0000000080000000, 0x00000000a3c00000, 0x00000000d5580000)
  object space 585728K, 68% used [0x0000000080000000,0x00000000985e2f98,0x00000000a3c00000)
 Metaspace       used 91166K, committed 92864K, reserved 1179648K
  class space    used 9336K, committed 10176K, reserved 1048576K
}
Event: 3967.858 GC heap before
{Heap before GC invocations=3359 (full 5):
 PSYoungGen      total 2560K, used 2143K [0x00000000d5580000, 0x00000000d5900000, 0x0000000100000000)
  eden space 2048K, 99% used [0x00000000d5580000,0x00000000d577fff8,0x00000000d5780000)
  from space 512K, 18% used [0x00000000d5800000,0x00000000d5818000,0x00000000d5880000)
  to   space 512K, 0% used [0x00000000d5880000,0x00000000d5880000,0x00000000d5900000)
 ParOldGen       total 585728K, used 399243K [0x0000000080000000, 0x00000000a3c00000, 0x00000000d5580000)
  object space 585728K, 68% used [0x0000000080000000,0x00000000985e2f98,0x00000000a3c00000)
 Metaspace       used 91166K, committed 92864K, reserved 1179648K
  class space    used 9336K, committed 10176K, reserved 1048576K
}
Event: 3967.859 GC heap after
{Heap after GC invocations=3359 (full 5):
 PSYoungGen      total 2560K, used 128K [0x00000000d5580000, 0x00000000d5900000, 0x0000000100000000)
  eden space 2048K, 0% used [0x00000000d5580000,0x00000000d5580000,0x00000000d5780000)
  from space 512K, 25% used [0x00000000d5880000,0x00000000d58a0000,0x00000000d5900000)
  to   space 512K, 0% used [0x00000000d5800000,0x00000000d5800000,0x00000000d5880000)
 ParOldGen       total 585728K, used 399259K [0x0000000080000000, 0x00000000a3c00000, 0x00000000d5580000)
  object space 585728K, 68% used [0x0000000080000000,0x00000000985e6f98,0x00000000a3c00000)
 Metaspace       used 91166K, committed 92864K, reserved 1179648K
  class space    used 9336K, committed 10176K, reserved 1048576K
}

